[debug] [2021-02-12T08:34:11.746Z] ----------------------------------------------------------------------
[debug] [2021-02-12T08:34:11.760Z] Command:       C:\Program Files\nodejs\node.exe C:\Users\luwaseun2\AppData\Roaming\npm\node_modules\firebase-tools\lib\bin\firebase.js init
[debug] [2021-02-12T08:34:11.762Z] CLI Version:   9.1.2
[debug] [2021-02-12T08:34:11.763Z] Platform:      win32
[debug] [2021-02-12T08:34:11.763Z] Node Version:  v14.12.0
[debug] [2021-02-12T08:34:11.768Z] Time:          Fri Feb 12 2021 09:34:11 GMT+0100 (West Africa Standard Time)
[debug] [2021-02-12T08:34:11.769Z] ----------------------------------------------------------------------
[debug] [2021-02-12T08:34:11.769Z] 
[debug] [2021-02-12T08:34:11.798Z] > command requires scopes: ["email","openid","https://www.googleapis.com/auth/cloudplatformprojects.readonly","https://www.googleapis.com/auth/firebase","https://www.googleapis.com/auth/cloud-platform"]
[debug] [2021-02-12T08:34:11.801Z] > authorizing via signed-in user
[info] 
     ######## #### ########  ######## ########     ###     ######  ########
     ##        ##  ##     ## ##       ##     ##  ##   ##  ##       ##
     ######    ##  ########  ######   ########  #########  ######  ######
     ##        ##  ##    ##  ##       ##     ## ##     ##       ## ##
     ##       #### ##     ## ######## ########  ##     ##  ######  ########

You're about to initialize a Firebase project in this directory:

  C:\Users\luwaseun2\react_apps\arvo_test

Before we get started, keep in mind:

  * You are initializing in an existing Firebase project directory

